<?xml version="1.0" encoding="UTF-8"?>
<!-- Generated by org.testng.reporters.JUnitReportReporter -->
<testsuite hostname="QB-TP3-2221" failures="0" tests="2" name="roughtest.DaashBoardTest" time="8.002" errors="0" timestamp="2022-09-18T17:16:23 IST" skipped="0">
  <testcase classname="roughtest.DaashBoardTest" name="Manageorders_search_btn_size" time="4.552"/>
  <system-out/>
  <testcase classname="roughtest.DaashBoardTest" name="tableHeaderFieldValidation" time="3.450"/>
  <system-out/>
</testsuite> <!-- roughtest.DaashBoardTest -->
